<?xml version="1.0" encoding="UTF-8"?>
<testng-results skipped="0" failed="0" ignored="0" total="1" passed="1">
  <reporter-output>
  </reporter-output>
  <suite name="Default suite" duration-ms="49138" started-at="2020-09-08T19:12:53 IST" finished-at="2020-09-08T19:13:42 IST">
    <groups>
    </groups>
    <test name="Default test" duration-ms="49138" started-at="2020-09-08T19:12:53 IST" finished-at="2020-09-08T19:13:42 IST">
      <class name="com.actitime.testscript.CreateCustomer">
        <test-method status="PASS" signature="openBrowser()[pri:0, instance:com.actitime.testscript.CreateCustomer@76707e36]" name="openBrowser" is-config="true" duration-ms="19240" started-at="2020-09-08T19:12:53 IST" finished-at="2020-09-08T19:13:12 IST">
          <reporter-output>
          </reporter-output>
        </test-method> <!-- openBrowser -->
        <test-method status="PASS" signature="login()[pri:0, instance:com.actitime.testscript.CreateCustomer@76707e36]" name="login" is-config="true" duration-ms="558" started-at="2020-09-08T19:13:12 IST" finished-at="2020-09-08T19:13:12 IST">
          <reporter-output>
          </reporter-output>
        </test-method> <!-- login -->
        <test-method status="PASS" signature="testCreateCustomer()[pri:0, instance:com.actitime.testscript.CreateCustomer@76707e36]" name="testCreateCustomer" duration-ms="25039" started-at="2020-09-08T19:13:12 IST" finished-at="2020-09-08T19:13:38 IST">
          <reporter-output>
          </reporter-output>
        </test-method> <!-- testCreateCustomer -->
        <test-method status="PASS" signature="logout()[pri:0, instance:com.actitime.testscript.CreateCustomer@76707e36]" name="logout" is-config="true" duration-ms="3871" started-at="2020-09-08T19:13:38 IST" finished-at="2020-09-08T19:13:41 IST">
          <reporter-output>
          </reporter-output>
        </test-method> <!-- logout -->
        <test-method status="PASS" signature="closeBrowser()[pri:0, instance:com.actitime.testscript.CreateCustomer@76707e36]" name="closeBrowser" is-config="true" duration-ms="366" started-at="2020-09-08T19:13:41 IST" finished-at="2020-09-08T19:13:42 IST">
          <reporter-output>
          </reporter-output>
        </test-method> <!-- closeBrowser -->
      </class> <!-- com.actitime.testscript.CreateCustomer -->
    </test> <!-- Default test -->
  </suite> <!-- Default suite -->
</testng-results>
