<?xml version="1.0" encoding="UTF-8"?>
<testng-results skipped="0" failed="0" ignored="0" total="1" passed="1">
  <reporter-output>
    <line>
      <![CDATA[modify customer]]>
    </line>
  </reporter-output>
  <suite name="Default suite" duration-ms="66" started-at="2020-09-14T08:38:56Z" finished-at="2020-09-14T08:38:56Z">
    <groups>
    </groups>
    <test name="Default test" duration-ms="66" started-at="2020-09-14T08:38:56Z" finished-at="2020-09-14T08:38:56Z">
      <class name="com.actitime.test.ModifyCustomer">
        <test-method status="PASS" signature="testmodifycustomer()[pri:0, instance:com.actitime.test.ModifyCustomer@52aa2946]" name="testmodifycustomer" duration-ms="16" started-at="2020-09-14T08:38:56Z" finished-at="2020-09-14T08:38:56Z">
          <reporter-output>
            <line>
              <![CDATA[modify customer]]>
            </line>
          </reporter-output>
        </test-method> <!-- testmodifycustomer -->
      </class> <!-- com.actitime.test.ModifyCustomer -->
    </test> <!-- Default test -->
  </suite> <!-- Default suite -->
</testng-results>
